INFO:root:previous is -606.0
INFO:root:after is -606.0
INFO:root:previous is -916.0
INFO:root:after is -916.0
INFO:root:previous is -611.0
INFO:root:after is -611.0
INFO:root:previous is -537.0
INFO:root:after is -537.0
INFO:root:previous is -796.0
INFO:root:after is -796.0
INFO:root:previous is -889.0
INFO:root:after is -889.0
INFO:root:previous is -906.0
INFO:root:after is -906.0
INFO:root:previous is -659.0
INFO:root:after is -659.0
INFO:root:previous is -761.0
INFO:root:after is -761.0
INFO:root:previous is -756.0
INFO:root:after is -756.0
INFO:root:previous is -761.0
INFO:root:after is -761.0
INFO:root:previous is -756.0
INFO:root:after is -756.0
INFO:root:previous is -761.0
INFO:root:after is -761.0
INFO:root:previous is -761.0
INFO:root:after is -761.0
INFO:root:previous is -756.0
INFO:root:after is -756.0
INFO:root:previous is -756.0
INFO:root:after is -756.0
INFO:root:previous is -649.0
INFO:root:after is -649.0
INFO:root:previous is -756.0
INFO:root:after is -756.0
INFO:root:previous is -756.0
INFO:root:after is -756.0
INFO:root:previous is -756.0
INFO:root:after is -756.0
INFO:root:previous is -761.0
INFO:root:after is -761.0
INFO:root:previous is -761.0
INFO:root:after is -761.0
INFO:root:previous is -649.0
INFO:root:after is -649.0
INFO:root:previous is -761.0
INFO:root:after is -761.0
INFO:root:previous is -756.0
INFO:root:after is -756.0
INFO:root:previous is -756.0
INFO:root:after is -756.0
INFO:root:previous is -659.0
INFO:root:after is -659.0
INFO:root:previous is -766.0
INFO:root:after is -766.0
INFO:root:previous is -756.0
INFO:root:after is -756.0
INFO:root:previous is -766.0
INFO:root:after is -766.0
INFO:root:Results mean: -258.0888888888889 and Result sta: 126.23792742669556
INFO:root:previous is -756.0
INFO:root:after is -756.0
INFO:root:previous is -756.0
INFO:root:after is -756.0
INFO:root:previous is -761.0
INFO:root:after is -761.0
INFO:root:previous is -781.0
INFO:root:after is -781.0
INFO:root:previous is -756.0
INFO:root:after is -756.0
INFO:root:previous is -766.0
INFO:root:after is -766.0
INFO:root:previous is -766.0
INFO:root:after is -766.0
INFO:root:previous is -761.0
INFO:root:after is -761.0
INFO:root:previous is -766.0
INFO:root:after is -766.0
INFO:root:previous is -756.0
INFO:root:after is -756.0
INFO:root:previous is -771.0
INFO:root:after is -771.0
INFO:root:previous is -766.0
INFO:root:after is -766.0
INFO:root:previous is -654.0
INFO:root:after is -654.0
INFO:root:previous is -761.0
INFO:root:after is -761.0
INFO:root:previous is -761.0
INFO:root:after is -761.0
INFO:root:previous is -761.0
INFO:root:after is -761.0
INFO:root:previous is -567.0
INFO:root:after is -567.0
INFO:root:previous is -766.0
INFO:root:after is -766.0
INFO:root:previous is -761.0
INFO:root:after is -761.0
INFO:root:previous is -761.0
INFO:root:after is -761.0
INFO:root:previous is -756.0
INFO:root:after is -756.0
INFO:root:previous is -771.0
INFO:root:after is -771.0
INFO:root:previous is -771.0
INFO:root:after is -771.0
INFO:root:previous is -761.0
INFO:root:after is -761.0
INFO:root:previous is -781.0
INFO:root:after is -781.0
INFO:root:previous is -766.0
INFO:root:after is -766.0
INFO:root:previous is -756.0
INFO:root:after is -756.0
INFO:root:previous is -60.0
INFO:root:after is -59.99993133544922
INFO:root:previous is -62.0
INFO:root:after is -61.999267578125
INFO:root:previous is -57.0
INFO:root:after is -56.99908447265625
INFO:root:previous is -67.0
INFO:root:after is -67.00057983398438
INFO:root:previous is -65.0
INFO:root:after is -64.99608612060547
INFO:root:previous is -66.0
INFO:root:after is -65.99949645996094
INFO:root:previous is -81.0
INFO:root:after is -81.00003051757812
INFO:root:previous is -71.0
INFO:root:after is -71.0018539428711
INFO:root:previous is -75.0
INFO:root:after is -74.99293518066406
INFO:root:previous is -65.0
INFO:root:after is -65.00054931640625
INFO:root:previous is -61.0
INFO:root:after is -60.99620819091797
INFO:root:previous is -72.0
INFO:root:after is -72.0000228881836
INFO:root:previous is -63.0
INFO:root:after is -62.99662399291992
INFO:root:previous is -72.0
INFO:root:after is -72.00269317626953
INFO:root:previous is -67.0
INFO:root:after is -67.00316619873047
INFO:root:previous is -66.0
INFO:root:after is -66.00074005126953
INFO:root:previous is -69.0
INFO:root:after is -68.99899291992188
INFO:root:previous is -77.0
INFO:root:after is -77.00150299072266
INFO:root:previous is -69.0
INFO:root:after is -69.00178527832031
INFO:root:previous is -71.0
INFO:root:after is -70.99170684814453
INFO:root:previous is -75.0
INFO:root:after is -74.99617004394531
INFO:root:previous is -72.0
INFO:root:after is -71.9991226196289
INFO:root:previous is -64.0
INFO:root:after is -63.995845794677734
INFO:root:previous is -68.0
INFO:root:after is -67.97891235351562
INFO:root:previous is 0.0
INFO:root:after is -0.0008594946702942252
INFO:root:previous is 0.0
INFO:root:after is 0.0004755193367600441
INFO:root:previous is 0.0
INFO:root:after is 0.01270988304167986
INFO:root:previous is 0.0
INFO:root:after is 0.003757163882255554
INFO:root:previous is 0.0
INFO:root:after is -0.00021994789130985737
INFO:root:previous is 0.0
INFO:root:after is 0.004048892296850681
INFO:root:previous is 0.0
INFO:root:after is 0.0010624798014760017
INFO:root:previous is 0.0
INFO:root:after is 0.004648166708648205
INFO:root:previous is 0.0
INFO:root:after is 0.012059205211699009
INFO:root:previous is 2.0
INFO:root:after is 2.0228583812713623
INFO:root:previous is 0.0
INFO:root:after is 0.001896256348118186
INFO:root:previous is 0.0
INFO:root:after is 0.012946398928761482
INFO:root:previous is 0.0
INFO:root:after is 0.008965151384472847
INFO:root:previous is 0.0
INFO:root:after is 0.004910808987915516
INFO:root:previous is 0.0
INFO:root:after is 0.005264849402010441
INFO:root:previous is 0.0
INFO:root:after is 0.011234217323362827
INFO:root:previous is 0.0
INFO:root:after is 0.012836439535021782
INFO:root:previous is 1.0
INFO:root:after is 1.014398217201233
INFO:root:previous is 0.0
INFO:root:after is 0.005533167161047459
INFO:root:previous is 0.0
INFO:root:after is 0.007935360074043274
INFO:root:previous is 0.0
INFO:root:after is 0.008384915068745613
INFO:root:previous is 0.0
INFO:root:after is 0.014857688918709755
INFO:root:previous is 0.0
INFO:root:after is 0.004623582120984793
INFO:root:previous is 0.0
INFO:root:after is 0.013522130437195301
INFO:root:previous is 0.0
INFO:root:after is 0.009668692946434021
INFO:root:previous is 1.0
INFO:root:after is 1.0111188888549805
INFO:root:previous is 0.0
INFO:root:after is 0.006624107714742422
INFO:root:previous is 2.0
INFO:root:after is 2.0178096294403076
INFO:root:previous is 0.0
INFO:root:after is 0.00760331517085433
INFO:root:previous is 0.0
INFO:root:after is 0.008507302030920982
INFO:root:previous is 1.0
INFO:root:after is 1.0120959281921387
INFO:root:previous is 0.0
INFO:root:after is 0.016266794875264168
INFO:root:previous is 0.0
INFO:root:after is -0.007639827206730843
INFO:root:previous is 0.0
INFO:root:after is -0.00027894723461940885
INFO:root:previous is 0.0
INFO:root:after is 0.008588291704654694
INFO:root:previous is 0.0
INFO:root:after is 0.005512274336069822
INFO:root:previous is 1.0
INFO:root:after is 1.0169751644134521
INFO:root:previous is 0.0
INFO:root:after is 0.01137599814683199
INFO:root:previous is 0.0
INFO:root:after is 0.011153755709528923
INFO:root:previous is 0.0
INFO:root:after is 0.0012163575738668442
INFO:root:previous is 0.0
INFO:root:after is 0.0029635680839419365
INFO:root:previous is 0.0
INFO:root:after is 0.00943395309150219
INFO:root:previous is 0.0
INFO:root:after is 0.0025528131518512964
INFO:root:previous is 0.0
INFO:root:after is 0.009665760211646557
INFO:root:previous is 0.0
INFO:root:after is 0.013612614944577217
INFO:root:previous is 0.0
INFO:root:after is 0.011592069640755653
INFO:root:previous is 0.0
INFO:root:after is 0.008924162946641445
INFO:root:previous is 0.0
INFO:root:after is 0.014247890561819077
INFO:root:previous is 0.0
INFO:root:after is 0.006902710068970919
INFO:root:previous is 0.0
INFO:root:after is 0.030402332544326782
INFO:root:previous is 0.0
INFO:root:after is 0.005087720230221748
INFO:root:previous is 0.0
INFO:root:after is 0.01922205090522766
INFO:root:previous is 0.0
INFO:root:after is 0.015941595658659935
INFO:root:previous is 0.0
INFO:root:after is 0.0038224582094699144
INFO:root:previous is 0.0
INFO:root:after is 0.0064939893782138824
INFO:root:previous is 2.0
INFO:root:after is 2.021960735321045
INFO:root:previous is 0.0
INFO:root:after is 0.003705965355038643
INFO:root:previous is 0.0
INFO:root:after is 0.008559002541005611
INFO:root:previous is 0.0
INFO:root:after is 0.013797556981444359
INFO:root:previous is 2.0
INFO:root:after is 2.013233184814453
INFO:root:previous is 0.0
INFO:root:after is 0.002267802832648158
INFO:root:previous is 0.0
INFO:root:after is 0.007973846048116684
INFO:root:previous is 5.0
INFO:root:after is 5.048521995544434
INFO:root:previous is 1.0
INFO:root:after is 1.012091040611267
INFO:root:previous is 1.0
INFO:root:after is 1.012081265449524
INFO:root:previous is 0.0
INFO:root:after is 0.006116024684160948
INFO:root:previous is 0.0
INFO:root:after is 0.0006177453324198723
INFO:root:previous is 0.0
INFO:root:after is 0.009550593793392181
INFO:root:previous is 0.0
INFO:root:after is -0.003075212240219116
INFO:root:previous is 0.0
INFO:root:after is 0.008374299854040146
INFO:root:previous is 0.0
INFO:root:after is 0.01043538935482502
INFO:root:previous is 0.0
INFO:root:after is 0.015709921717643738
INFO:root:previous is 0.0
INFO:root:after is 0.0064888689666986465
INFO:root:previous is 0.0
INFO:root:after is 0.00914442352950573
INFO:root:previous is 0.0
INFO:root:after is 0.00015316717326641083
INFO:root:previous is 0.0
INFO:root:after is 0.0047326660715043545
INFO:root:previous is 0.0
INFO:root:after is 0.004029701463878155
INFO:root:previous is 0.0
INFO:root:after is 0.010902784764766693
INFO:root:previous is 4.0
INFO:root:after is 4.026620388031006
INFO:root:previous is 2.0
INFO:root:after is 2.0151069164276123
INFO:root:previous is 0.0
INFO:root:after is 0.010968322865664959
INFO:root:previous is 0.0
INFO:root:after is 0.01360627356916666
INFO:root:previous is 0.0
INFO:root:after is 0.015773043036460876
INFO:root:previous is 0.0
INFO:root:after is 0.007640245370566845
INFO:root:previous is 0.0
INFO:root:after is 0.027413450181484222
INFO:root:previous is 0.0
INFO:root:after is 0.009218525141477585
INFO:root:previous is 0.0
INFO:root:after is 0.022144649177789688
INFO:root:previous is 0.0
INFO:root:after is 0.014495870098471642
INFO:root:previous is 0.0
INFO:root:after is -0.014441357925534248
INFO:root:previous is 1.0
INFO:root:after is 1.0240826606750488
INFO:root:previous is 0.0
INFO:root:after is 0.015581205487251282
INFO:root:previous is 0.0
INFO:root:after is 0.004393833689391613
INFO:root:previous is 0.0
INFO:root:after is 0.007927763275802135
INFO:root:previous is 0.0
INFO:root:after is 0.010792365297675133
INFO:root:previous is 0.0
INFO:root:after is 0.009685373865067959
INFO:root:previous is 0.0
INFO:root:after is 0.006265644915401936
INFO:root:previous is 0.0
INFO:root:after is 0.017334600910544395
INFO:root:previous is 0.0
INFO:root:after is 0.008133197203278542
INFO:root:previous is 0.0
INFO:root:after is 0.008479269221425056
INFO:root:previous is 0.0
INFO:root:after is -0.0037013208493590355
INFO:root:previous is 0.0
INFO:root:after is 0.0037970785051584244
INFO:root:previous is 1.0
INFO:root:after is 1.0024304389953613
INFO:root:previous is 0.0
INFO:root:after is 0.0216481052339077
INFO:root:previous is 0.0
INFO:root:after is 0.00510865543037653
INFO:root:previous is 0.0
INFO:root:after is 0.018242692574858665
INFO:root:previous is 3.0
INFO:root:after is 3.0236334800720215
INFO:root:previous is 2.0
INFO:root:after is 2.0364084243774414
INFO:root:previous is 0.0
INFO:root:after is 0.009256681427359581
INFO:root:previous is 0.0
INFO:root:after is 0.0031062252819538116
INFO:root:previous is 0.0
INFO:root:after is 0.010196352377533913
INFO:root:previous is 0.0
INFO:root:after is 0.003941537346690893
INFO:root:previous is 0.0
INFO:root:after is -0.0031164009124040604
INFO:root:previous is 0.0
INFO:root:after is 0.008102701976895332
INFO:root:previous is 0.0
INFO:root:after is 0.0033708037808537483
INFO:root:previous is 0.0
INFO:root:after is -0.003458172082901001
INFO:root:previous is 0.0
INFO:root:after is 0.006553027778863907
INFO:root:previous is 0.0
INFO:root:after is 0.005500830709934235
INFO:root:previous is 1.0
INFO:root:after is 1.0151939392089844
INFO:root:previous is 0.0
INFO:root:after is 0.007469602394849062
INFO:root:previous is 0.0
INFO:root:after is 0.004736294038593769
INFO:root:previous is 0.0
INFO:root:after is 0.013197471387684345
INFO:root:previous is 0.0
INFO:root:after is 0.01564071513712406
INFO:root:previous is 0.0
INFO:root:after is 0.012547658756375313
INFO:root:previous is 2.0
INFO:root:after is 2.0224685668945312
INFO:root:previous is 2.0
INFO:root:after is 2.005074977874756
INFO:root:previous is 0.0
INFO:root:after is -0.002564830705523491
INFO:root:previous is 0.0
INFO:root:after is -0.0028494016733020544
INFO:root:previous is 0.0
INFO:root:after is -0.0035894610919058323
INFO:root:previous is 1.0
INFO:root:after is 1.0123058557510376
INFO:root:previous is 0.0
INFO:root:after is -0.001359846442937851
INFO:root:previous is 3.0
INFO:root:after is 3.0400822162628174
INFO:root:previous is 0.0
INFO:root:after is 0.014759324491024017
INFO:root:previous is 4.0
INFO:root:after is 4.029720306396484
INFO:root:previous is 0.0
INFO:root:after is 0.018566641956567764
INFO:root:previous is 0.0
INFO:root:after is 0.0072881611995399
INFO:root:previous is 0.0
INFO:root:after is 0.012981349602341652
INFO:root:previous is 0.0
INFO:root:after is 0.014241882599890232
INFO:root:previous is 0.0
INFO:root:after is 0.03235676884651184
INFO:root:previous is 0.0
INFO:root:after is 0.0057126255705952644
INFO:root:previous is 2.0
INFO:root:after is 2.0027055740356445
INFO:root:previous is 0.0
INFO:root:after is 0.0037765703164041042
INFO:root:previous is 0.0
INFO:root:after is -0.0008696598233655095
INFO:root:previous is 7.0
INFO:root:after is 6.949697017669678
INFO:root:previous is 0.0
INFO:root:after is 0.0038851797580718994
INFO:root:previous is 0.0
INFO:root:after is 0.011024930514395237
INFO:root:previous is 0.0
INFO:root:after is 0.002351262141019106
INFO:root:previous is 1.0
INFO:root:after is 1.0019137859344482
INFO:root:previous is 0.0
INFO:root:after is 0.00013249716721475124
INFO:root:previous is 0.0
INFO:root:after is 0.02442416548728943
INFO:root:previous is 0.0
INFO:root:after is 0.0057574980892241
INFO:root:previous is 0.0
INFO:root:after is 0.01221446506679058
INFO:root:previous is 0.0
INFO:root:after is 0.023271936923265457
INFO:root:previous is 0.0
INFO:root:after is 0.00045145669719204307
INFO:root:previous is 0.0
INFO:root:after is 0.012877561151981354
INFO:root:previous is 0.0
INFO:root:after is 0.03266621753573418
INFO:root:previous is 0.0
INFO:root:after is 0.007666446268558502
INFO:root:previous is 0.0
INFO:root:after is 0.01317877508699894
INFO:root:previous is 0.0
INFO:root:after is 0.014716913923621178
INFO:root:previous is 0.0
INFO:root:after is 0.006335936486721039
INFO:root:previous is 0.0
INFO:root:after is 0.01866418495774269
INFO:root:previous is 0.0
INFO:root:after is -0.007279076613485813
INFO:root:previous is 0.0
INFO:root:after is 0.0013442563358694315
INFO:root:previous is 3.0
INFO:root:after is 3.0051140785217285
INFO:root:previous is 2.0
INFO:root:after is 2.066904067993164
INFO:root:previous is 2.0
INFO:root:after is 2.0056889057159424
INFO:root:previous is 0.0
INFO:root:after is 0.003709549317136407
INFO:root:previous is 0.0
INFO:root:after is 0.012091428972780704
INFO:root:previous is 0.0
INFO:root:after is 0.003500692080706358
INFO:root:previous is 1.0
INFO:root:after is 1.0034329891204834
INFO:root:previous is 0.0
INFO:root:after is -0.0017803823575377464
INFO:root:previous is 0.0
INFO:root:after is 0.009910022839903831
INFO:root:previous is 0.0
INFO:root:after is 0.003784754779189825
INFO:root:previous is 0.0
INFO:root:after is -0.00011765677481889725
INFO:root:previous is 0.0
INFO:root:after is 0.008161907084286213
INFO:root:previous is 0.0
INFO:root:after is 0.0001500279176980257
INFO:root:previous is 0.0
INFO:root:after is -0.005563066806644201
INFO:root:previous is 2.0
INFO:root:after is 1.9993517398834229
INFO:root:previous is 0.0
INFO:root:after is -0.0025305920280516148
INFO:root:previous is 0.0
INFO:root:after is 0.0018478072015568614
INFO:root:previous is 2.0
INFO:root:after is 2.035369873046875
INFO:root:previous is 0.0
INFO:root:after is -0.0018793561030179262
INFO:root:previous is 0.0
INFO:root:after is -0.01321525126695633
INFO:root:previous is 3.0
INFO:root:after is 3.0314056873321533
INFO:root:previous is 2.0
INFO:root:after is 2.029393196105957
INFO:root:previous is 0.0
INFO:root:after is 0.01288521196693182
INFO:root:previous is 4.0
INFO:root:after is 4.0256524085998535
INFO:root:previous is 0.0
INFO:root:after is 0.0109214773401618
INFO:root:previous is 0.0
INFO:root:after is 0.018081756308674812
INFO:root:previous is 0.0
INFO:root:after is 0.00377646298147738
INFO:root:previous is 0.0
INFO:root:after is 0.008827151730656624
INFO:root:previous is 0.0
INFO:root:after is -0.0016197634395211935
INFO:root:previous is 0.0
INFO:root:after is -0.0012344918213784695
INFO:root:previous is 0.0
INFO:root:after is 0.006812006235122681
INFO:root:previous is 1.0
INFO:root:after is 1.0526999235153198
INFO:root:previous is 0.0
INFO:root:after is 0.03667430579662323
INFO:root:previous is 0.0
INFO:root:after is 0.021090898662805557
INFO:root:previous is 5.0
INFO:root:after is 5.071951866149902
INFO:root:previous is 0.0
INFO:root:after is 0.01811796985566616
INFO:root:previous is 0.0
INFO:root:after is 0.01057329960167408
INFO:root:previous is 0.0
INFO:root:after is 0.01614226959645748
INFO:root:previous is 0.0
INFO:root:after is 0.012860064394772053
INFO:root:previous is 0.0
INFO:root:after is 0.0108108539134264
INFO:root:previous is 5.0
INFO:root:after is 5.076434135437012
INFO:root:previous is 3.0
INFO:root:after is 3.0035035610198975
INFO:root:previous is 0.0
INFO:root:after is 0.005414981860667467
INFO:root:previous is 2.0
INFO:root:after is 1.9708054065704346
INFO:root:previous is 0.0
INFO:root:after is 0.0069282581098377705
INFO:root:previous is 0.0
INFO:root:after is -0.00027775904163718224
INFO:root:previous is 0.0
INFO:root:after is 0.00012134271673858166
INFO:root:previous is 1.0
INFO:root:after is 0.9886165261268616
INFO:root:previous is 0.0
INFO:root:after is 0.006871618330478668
INFO:root:previous is 0.0
INFO:root:after is 0.005036963149905205
INFO:root:previous is 0.0
INFO:root:after is 0.004637498874217272
INFO:root:previous is 0.0
INFO:root:after is -0.006709355860948563
INFO:root:previous is 0.0
INFO:root:after is -0.010541897267103195
INFO:root:previous is 0.0
INFO:root:after is 0.0029043261893093586
INFO:root:previous is 0.0
INFO:root:after is -0.00449034757912159
INFO:root:previous is 0.0
INFO:root:after is 0.004186481237411499
INFO:root:previous is 0.0
INFO:root:after is 0.0062211984768509865
INFO:root:previous is 0.0
INFO:root:after is -0.0078562768176198
INFO:root:previous is 0.0
INFO:root:after is -0.0030553757678717375
INFO:root:previous is 0.0
INFO:root:after is -0.005034852772951126
INFO:root:previous is 0.0
INFO:root:after is -0.0033104699105024338
INFO:root:previous is 0.0
INFO:root:after is 0.009788334369659424
INFO:root:previous is 0.0
INFO:root:after is -0.00030848378082737327
INFO:root:previous is 0.0
INFO:root:after is -0.005115706007927656
INFO:root:previous is 0.0
INFO:root:after is -0.003444613888859749
INFO:root:previous is 0.0
INFO:root:after is -0.008751336485147476
INFO:root:previous is 4.0
INFO:root:after is 4.062452793121338
INFO:root:previous is 0.0
INFO:root:after is 0.006733683869242668
INFO:root:previous is 0.0
INFO:root:after is 0.010562350042164326
INFO:root:previous is 0.0
INFO:root:after is 0.021866902709007263
INFO:root:previous is 0.0
INFO:root:after is 0.00957503728568554
INFO:root:previous is 2.0
INFO:root:after is 2.000894546508789
INFO:root:previous is 0.0
INFO:root:after is 0.0008864575647749007
INFO:root:previous is 1.0
INFO:root:after is 1.0355530977249146
INFO:root:previous is 0.0
INFO:root:after is 0.0019426627550274134
INFO:root:previous is 0.0
INFO:root:after is 0.014816123992204666
INFO:root:previous is 0.0
INFO:root:after is 0.004821947775781155
INFO:root:previous is 0.0
INFO:root:after is 0.009446590207517147
INFO:root:previous is 0.0
INFO:root:after is 0.004953554831445217
INFO:root:previous is 1.0
INFO:root:after is 1.0203028917312622
INFO:root:previous is 0.0
INFO:root:after is 0.005211921408772469
INFO:root:previous is 0.0
INFO:root:after is 0.0005233784904703498
INFO:root:previous is 0.0
INFO:root:after is 0.01030096597969532
INFO:root:previous is 0.0
INFO:root:after is 0.014373616315424442
INFO:root:previous is 0.0
INFO:root:after is -0.015937672927975655
INFO:root:previous is 0.0
INFO:root:after is 0.007640240713953972
INFO:root:previous is 0.0
INFO:root:after is 0.004608125425875187
INFO:root:previous is 1.0
INFO:root:after is 1.0026510953903198
INFO:root:previous is 0.0
INFO:root:after is 0.010832449421286583
INFO:root:previous is 0.0
INFO:root:after is -0.004441498778760433
INFO:root:previous is 0.0
INFO:root:after is 0.0032719033770263195
INFO:root:previous is 1.0
INFO:root:after is 1.043629765510559
INFO:root:previous is 0.0
INFO:root:after is 0.008583733811974525
INFO:root:previous is 0.0
INFO:root:after is 0.013016019016504288
INFO:root:previous is 1.0
INFO:root:after is 0.9952518939971924
INFO:root:previous is 3.0
INFO:root:after is 3.0022456645965576
INFO:root:previous is 1.0
INFO:root:after is 1.0314866304397583
INFO:root:previous is 0.0
INFO:root:after is -0.0022958486806601286
INFO:root:previous is 1.0
INFO:root:after is 1.006364345550537
INFO:root:previous is 0.0
INFO:root:after is -0.0083455890417099
INFO:root:previous is 0.0
INFO:root:after is -0.01161927916109562
INFO:root:previous is 0.0
INFO:root:after is -0.0015658250777050853
INFO:root:previous is 0.0
INFO:root:after is 0.029196906834840775
INFO:root:previous is 1.0
INFO:root:after is 1.0021804571151733
INFO:root:previous is 0.0
INFO:root:after is -0.0005612148670479655
INFO:root:previous is 0.0
INFO:root:after is 0.004936579614877701
INFO:root:previous is 0.0
INFO:root:after is 0.007857067510485649
INFO:root:previous is 0.0
INFO:root:after is 0.008029170334339142
INFO:root:previous is 2.0
INFO:root:after is 2.018538236618042
INFO:root:previous is 1.0
INFO:root:after is 0.9936062693595886
INFO:root:previous is 0.0
INFO:root:after is 0.004712332971394062
INFO:root:previous is 0.0
INFO:root:after is -0.0038794437423348427
INFO:root:previous is 0.0
INFO:root:after is 0.016865625977516174
INFO:root:previous is 0.0
INFO:root:after is 0.007835039868950844
INFO:root:previous is 0.0
INFO:root:after is -0.009297890588641167
INFO:root:previous is 0.0
INFO:root:after is 0.022601913660764694
INFO:root:previous is 0.0
INFO:root:after is 0.0015343232080340385
INFO:root:previous is 0.0
INFO:root:after is 0.030949639156460762
INFO:root:previous is 0.0
INFO:root:after is 0.006951209157705307
INFO:root:previous is 0.0
INFO:root:after is 0.004714040085673332
INFO:root:previous is 0.0
INFO:root:after is -0.00966202188283205
INFO:root:previous is 0.0
INFO:root:after is -0.005054742097854614
INFO:root:previous is 7.0
INFO:root:after is 7.066577911376953
INFO:root:previous is 0.0
INFO:root:after is 3.188068512827158e-05
INFO:root:previous is 0.0
INFO:root:after is -0.00011333712609484792
INFO:root:previous is 0.0
INFO:root:after is -0.005203482694923878
INFO:root:previous is 0.0
INFO:root:after is 0.010269702412188053
INFO:root:previous is 0.0
INFO:root:after is -0.003765415633097291
INFO:root:previous is 0.0
INFO:root:after is 0.011594189330935478
INFO:root:previous is 0.0
INFO:root:after is 0.004217558540403843
INFO:root:previous is 0.0
INFO:root:after is -0.0055411942303180695
INFO:root:previous is 0.0
INFO:root:after is 0.02121681720018387
INFO:root:previous is 0.0
INFO:root:after is 0.011565964668989182
INFO:root:previous is 0.0
INFO:root:after is 0.02194530889391899
INFO:root:previous is 0.0
INFO:root:after is 0.007753688842058182
INFO:root:previous is 0.0
INFO:root:after is 0.003099156077951193
INFO:root:previous is 0.0
INFO:root:after is 0.00757561344653368
INFO:root:previous is 0.0
INFO:root:after is 0.005581200588494539
INFO:root:previous is 0.0
INFO:root:after is 0.0011250944808125496
INFO:root:previous is 0.0
INFO:root:after is 0.02408692240715027
INFO:root:previous is 0.0
INFO:root:after is 0.005070742219686508
INFO:root:previous is 0.0
INFO:root:after is 0.006906422786414623
